#
# There is insufficient memory for the Java Runtime Environment to continue.
# Native memory allocation (mmap) failed to map 524288000 bytes. Error detail: G1 virtual space
# Possible reasons:
#   The system is out of physical RAM or swap space
#   This process is running with CompressedOops enabled, and the Java Heap may be blocking the growth of the native heap
# Possible solutions:
#   Reduce memory load on the system
#   Increase physical memory or swap space
#   Check if swap backing store is full
#   Decrease Java heap size (-Xmx/-Xms)
#   Decrease number of Java threads
#   Decrease Java thread stack sizes (-Xss)
#   Set larger code cache with -XX:ReservedCodeCacheSize=
#   JVM is running with Zero Based Compressed Oops mode in which the Java heap is
#     placed in the first 32GB address space. The Java Heap base address is the
#     maximum limit for the native heap growth. Please use -XX:HeapBaseMinAddress
#     to set the Java Heap base and to place the Java Heap above 32GB virtual address.
# This output file may be truncated or incomplete.
#
#  Out of Memory Error (os_windows.cpp:3703), pid=19192, tid=30640
#
# JRE version:  (23.0.1+11) (build )
# Java VM: Java HotSpot(TM) 64-Bit Server VM (23.0.1+11-39, mixed mode, sharing, tiered, compressed oops, compressed class ptrs, g1 gc, windows-amd64)
# No core dump will be written. Minidumps are not enabled by default on client versions of Windows
#

---------------  S U M M A R Y ------------

Command Line: 

Host: AMD Ryzen 7 9700X 8-Core Processor             , 16 cores, 31G,  Windows 11 , 64 bit Build 26100 (10.0.26100.3037)
Time: Tue Mar  4 18:00:42 2025 FLE Standard Time elapsed time: 1.148405 seconds (0d 0h 0m 1s)

---------------  T H R E A D  ---------------

Current thread (0x0000016135bafbc0):  JavaThread "Unknown thread" [_thread_in_vm, id=30640, stack(0x0000002ddb400000,0x0000002ddb500000) (1024K)]

Stack: [0x0000002ddb400000,0x0000002ddb500000]
Native frames: (J=compiled Java code, j=interpreted, Vv=VM code, C=native code)
V  [jvm.dll+0x6e08b9]  (no source info available)
V  [jvm.dll+0x87dc83]  (no source info available)
V  [jvm.dll+0x88010e]  (no source info available)
V  [jvm.dll+0x8807e3]  (no source info available)
V  [jvm.dll+0x27aee6]  (no source info available)
V  [jvm.dll+0x6dd1c5]  (no source info available)
V  [jvm.dll+0x6d104a]  (no source info available)
V  [jvm.dll+0x35b3ea]  (no source info available)
V  [jvm.dll+0x3637f6]  (no source info available)
V  [jvm.dll+0x34fd5e]  (no source info available)
V  [jvm.dll+0x34fff8]  (no source info available)
V  [jvm.dll+0x3289cc]  (no source info available)
V  [jvm.dll+0x32966e]  (no source info available)
V  [jvm.dll+0x844355]  (no source info available)
V  [jvm.dll+0x3b9848]  (no source info available)
V  [jvm.dll+0x82d14c]  (no source info available)
V  [jvm.dll+0x454d4e]  (no source info available)
V  [jvm.dll+0x456bd1]  (no source info available)
C  [jli.dll+0x52a3]  (no source info available)
C  [ucrtbase.dll+0x37b0]  (no source info available)
C  [KERNEL32.DLL+0x2e8d7]  (no source info available)
C  [ntdll.dll+0xbbf2c]  (no source info available)

Lock stack of current Java thread (top to bottom):


---------------  P R O C E S S  ---------------

Threads class SMR info:
_java_thread_list=0x00007ff81fb03618, length=0, elements={
}

Java Threads: ( => current thread )
Total: 0

Other Threads:
  0x00000161377cc4d0 WorkerThread "GC Thread#0"                     [id=4732, stack(0x0000002ddb500000,0x0000002ddb600000) (1024K)]
  0x00000161377e20a0 ConcurrentGCThread "G1 Main Marker"            [id=32680, stack(0x0000002ddb600000,0x0000002ddb700000) (1024K)]
  0x00000161377e3ad0 WorkerThread "G1 Conc#0"                       [id=33012, stack(0x0000002ddb700000,0x0000002ddb800000) (1024K)]

[error occurred during error reporting (printing all threads), id 0xc0000005, EXCEPTION_ACCESS_VIOLATION (0xc0000005) at pc=0x00007ff81f24bfba]
VM state: not at safepoint (not fully initialized)

VM Mutex/Monitor currently owned by a thread:  ([mutex/lock_event])
[0x00007ff81fb83a10] Heap_lock - owner thread: 0x0000016135bafbc0

Heap address: 0x000000060e800000, size: 7960 MB, Compressed Oops mode: Zero based, Oop shift amount: 3

CDS archive(s) mapped at: [0x0000000000000000-0x0000000000000000-0x0000000000000000), size 0, SharedBaseAddress: 0x0000000800000000, ArchiveRelocationMode: 1.
Narrow klass base: 0x0000000000000000, Narrow klass shift: 0, Narrow klass range: 0x0

GC Precious Log:
 CardTable entry size: 512
 Card Set container configuration: InlinePtr #cards 4 size 8 Array Of Cards #cards 32 size 80 Howl #buckets 8 coarsen threshold 7372 Howl Bitmap #cards 1024 size 144 coarsen threshold 921 Card regions per heap region 1 cards per card region 8192

Heap:
 garbage-first heap   total reserved 8151040K, committed 0K, used 0K [0x000000060e800000, 0x0000000800000000)
  region size 4096K, 0 young (0K), 0 survivors (0K)

[error occurred during error reporting (printing heap information), id 0xc0000005, EXCEPTION_ACCESS_VIOLATION (0xc0000005) at pc=0x00007ff81f64c3c9]
GC Heap History (0 events):
No events

Dll operation events (1 events):
Event: 0.005 Loaded shared library C:\Program Files\Java\jdk-23\bin\java.dll

Deoptimization events (0 events):
No events

Classes loaded (0 events):
No events

Classes unloaded (0 events):
No events

Classes redefined (0 events):
No events

Internal exceptions (0 events):
No events

VM Operations (0 events):
No events

Memory protections (0 events):
No events

Nmethod flushes (0 events):
No events

Events (0 events):
No events


Dynamic libraries:
0x00007ff764cc0000 - 0x00007ff764cd0000 	C:\Program Files\Java\jdk-23\bin\java.exe
0x00007ff8ea1c0000 - 0x00007ff8ea423000 	C:\WINDOWS\SYSTEM32\ntdll.dll
0x00007ff8e8990000 - 0x00007ff8e8a57000 	C:\WINDOWS\System32\KERNEL32.DLL
0x00007ff8e78a0000 - 0x00007ff8e7c67000 	C:\WINDOWS\System32\KERNELBASE.dll
0x00007ff8e7560000 - 0x00007ff8e76ac000 	C:\WINDOWS\System32\ucrtbase.dll
0x00007ff8cfb60000 - 0x00007ff8cfb7b000 	C:\Program Files\Java\jdk-23\bin\VCRUNTIME140.dll
0x00007ff8cee20000 - 0x00007ff8cee37000 	C:\Program Files\Java\jdk-23\bin\jli.dll
0x00007ff8e82e0000 - 0x00007ff8e84a9000 	C:\WINDOWS\System32\USER32.dll
0x00007ff8e7df0000 - 0x00007ff8e7e17000 	C:\WINDOWS\System32\win32u.dll
0x00007ff8cf3e0000 - 0x00007ff8cf670000 	C:\WINDOWS\WinSxS\amd64_microsoft.windows.common-controls_6595b64144ccf1df_6.0.26100.3037_none_3e09262ce333c378\COMCTL32.dll
0x00007ff8ea150000 - 0x00007ff8ea17a000 	C:\WINDOWS\System32\GDI32.dll
0x00007ff8e8a70000 - 0x00007ff8e8b19000 	C:\WINDOWS\System32\msvcrt.dll
0x00007ff8e7ed0000 - 0x00007ff8e7ffb000 	C:\WINDOWS\System32\gdi32full.dll
0x00007ff8e7e20000 - 0x00007ff8e7ec3000 	C:\WINDOWS\System32\msvcp_win.dll
0x00007ff8e8680000 - 0x00007ff8e86af000 	C:\WINDOWS\System32\IMM32.DLL
0x00007ff8df980000 - 0x00007ff8df98c000 	C:\Program Files\Java\jdk-23\bin\vcruntime140_1.dll
0x00007ff8c6df0000 - 0x00007ff8c6e7e000 	C:\Program Files\Java\jdk-23\bin\msvcp140.dll
0x00007ff81ef10000 - 0x00007ff81fc5f000 	C:\Program Files\Java\jdk-23\bin\server\jvm.dll
0x00007ff8e8220000 - 0x00007ff8e82d4000 	C:\WINDOWS\System32\ADVAPI32.dll
0x00007ff8e85d0000 - 0x00007ff8e8676000 	C:\WINDOWS\System32\sechost.dll
0x00007ff8e8010000 - 0x00007ff8e8126000 	C:\WINDOWS\System32\RPCRT4.dll
0x00007ff8ea0d0000 - 0x00007ff8ea144000 	C:\WINDOWS\System32\WS2_32.dll
0x00007ff8e7230000 - 0x00007ff8e727e000 	C:\WINDOWS\SYSTEM32\POWRPROF.dll
0x00007ff8d6640000 - 0x00007ff8d6676000 	C:\WINDOWS\SYSTEM32\WINMM.dll
0x00007ff8df4f0000 - 0x00007ff8df4fb000 	C:\WINDOWS\SYSTEM32\VERSION.dll
0x00007ff8e7210000 - 0x00007ff8e7224000 	C:\WINDOWS\SYSTEM32\UMPDC.dll
0x00007ff8e6370000 - 0x00007ff8e638a000 	C:\WINDOWS\SYSTEM32\kernel.appcore.dll
0x00007ff8d3d60000 - 0x00007ff8d3d6a000 	C:\Program Files\Java\jdk-23\bin\jimage.dll
0x00007ff8e4c20000 - 0x00007ff8e4e61000 	C:\WINDOWS\SYSTEM32\DBGHELP.DLL
0x00007ff8e94a0000 - 0x00007ff8e981e000 	C:\WINDOWS\System32\combase.dll
0x00007ff8e98b0000 - 0x00007ff8e9986000 	C:\WINDOWS\System32\OLEAUT32.dll
0x00007ff889830000 - 0x00007ff889869000 	C:\WINDOWS\SYSTEM32\dbgcore.DLL
0x00007ff8e76b0000 - 0x00007ff8e7749000 	C:\WINDOWS\System32\bcryptPrimitives.dll
0x00007ff8cebd0000 - 0x00007ff8cebee000 	C:\Program Files\Java\jdk-23\bin\java.dll
0x00007ff8e86c0000 - 0x00007ff8e8855000 	C:\WINDOWS\System32\ole32.dll
0x00007ff8e9990000 - 0x00007ff8ea094000 	C:\WINDOWS\System32\SHELL32.dll

dbghelp: loaded successfully - version: 4.0.5 - missing functions: none
symbol engine: initialized successfully - sym options: 0x614 - pdb path: .;C:\Program Files\Java\jdk-23\bin;C:\WINDOWS\SYSTEM32;C:\WINDOWS\WinSxS\amd64_microsoft.windows.common-controls_6595b64144ccf1df_6.0.26100.3037_none_3e09262ce333c378;C:\Program Files\Java\jdk-23\bin\server

VM Arguments:
java_command: <unknown>
java_class_path (initial): <not set>
Launcher Type: SUN_STANDARD

[Global flags]
     intx CICompilerCount                          = 12                                        {product} {ergonomic}
     uint ConcGCThreads                            = 3                                         {product} {ergonomic}
     uint G1ConcRefinementThreads                  = 13                                        {product} {ergonomic}
   size_t G1HeapRegionSize                         = 4194304                                   {product} {ergonomic}
   size_t InitialHeapSize                          = 524288000                                 {product} {ergonomic}
   size_t MarkStackSize                            = 4194304                                   {product} {ergonomic}
   size_t MarkStackSizeMax                         = 536870912                                 {product} {ergonomic}
   size_t MaxHeapSize                              = 8346664960                                {product} {ergonomic}
   size_t MinHeapDeltaBytes                        = 4194304                                   {product} {ergonomic}
   size_t MinHeapSize                              = 8388608                                   {product} {ergonomic}
    uintx NonNMethodCodeHeapSize                   = 7602176                                {pd product} {ergonomic}
    uintx NonProfiledCodeHeapSize                  = 122093568                              {pd product} {ergonomic}
    uintx ProfiledCodeHeapSize                     = 121962496                              {pd product} {ergonomic}
    uintx ReservedCodeCacheSize                    = 251658240                              {pd product} {ergonomic}
     bool SegmentedCodeCache                       = true                                      {product} {ergonomic}
   size_t SoftMaxHeapSize                          = 8346664960                             {manageable} {ergonomic}
     bool UseCompressedOops                        = true                           {product lp64_product} {ergonomic}
     bool UseG1GC                                  = true                                      {product} {ergonomic}
     bool UseLargePagesIndividualAllocation        = false                                  {pd product} {ergonomic}

Logging:
Log output configuration:
 #0: stdout all=warning uptime,level,tags foldmultilines=false
 #1: stderr all=off uptime,level,tags foldmultilines=false

Environment Variables:
PATH=C:\Program Files\Common Files\Oracle\Java\javapath;C:\WINDOWS\system32;C:\WINDOWS;C:\WINDOWS\System32\Wbem;C:\WINDOWS\System32\WindowsPowerShell\v1.0\;C:\WINDOWS\System32\OpenSSH\;C:\Program Files\NVIDIA Corporation\NVIDIA app\NvDLISR;C:\Program Files (x86)\NVIDIA Corporation\PhysX\Common;C:\Program Files\Git\cmd;C:\Program Files\nodejs\;C:\Gradle\gradle-8.12\bin;;C:\Program Files\Docker\Docker\resources\bin;C:\Program Files\Vagrant\bin;C:\Users\Henri\AppData\Local\Microsoft\WindowsApps;C:\Users\Henri\AppData\Local\Programs\Microsoft VS Code\bin;C:\Users\Henri\AppData\Roaming\npm;C:\Users\Henri\.bun\bin
USERNAME=Henri
OS=Windows_NT
PROCESSOR_IDENTIFIER=AMD64 Family 26 Model 68 Stepping 0, AuthenticAMD
TMP=C:\Users\Henri\AppData\Local\Temp
TEMP=C:\Users\Henri\AppData\Local\Temp




Periodic native trim disabled

---------------  S Y S T E M  ---------------

OS:
 Windows 11 , 64 bit Build 26100 (10.0.26100.3037)
OS uptime: 2 days 7:07 hours
Hyper-V role detected

CPU: total 16 (initial active 16) (16 cores per cpu, 2 threads per core) family 26 model 68 stepping 0 microcode 0xb40401a, cx8, cmov, fxsr, ht, mmx, 3dnowpref, sse, sse2, sse3, ssse3, sse4a, sse4.1, sse4.2, popcnt, lzcnt, tsc, tscinvbit, avx, avx2, aes, erms, clmul, bmi1, bmi2, adx, avx512f, avx512dq, avx512cd, avx512bw, avx512vl, sha, fma, vzeroupper, avx512_vpopcntdq, avx512_vpclmulqdq, avx512_vaes, avx512_vnni, clflush, clflushopt, avx512_vbmi2, avx512_vbmi, hv, rdtscp, rdpid, fsrm, gfni, avx512_bitalg, f16c, cet_ss, avx512_ifma
Processor Information for the first 16 processors :
  Max Mhz: 3800, Current Mhz: 3800, Mhz Limit: 3800

Memory: 4k page, system-wide physical 31831M (1883M free)
TotalPageFile size 91353M (AvailPageFile size 127M)
current process WorkingSet (physical memory assigned to process): 13M, peak: 13M
current process commit charge ("private bytes"): 71M, peak: 571M

vm_info: Java HotSpot(TM) 64-Bit Server VM (23.0.1+11-39) for windows-amd64 JRE (23.0.1+11-39), built on 2024-09-30T07:20:43Z with MS VC++ 17.6 (VS2022)

END.
